Using pre-set license
Built from '2020.3/staging' branch; Version is '2020.3.3f1 (76626098c1c4) revision 7758432'; Using compiler version '192528614'; Build Type 'Release'
OS: 'Windows 8.1  (6.3.0) 64bit' Language: 'es' Physical Memory: 8084 MB
BatchMode: 1, IsHumanControllingUs: 0, StartBugReporterOnCrash: 0, Is64bit: 1, IsPro: 0

 COMMAND LINE ARGUMENTS:
F:\HOLBERTON\AR-VR\Unity\2020.3.3f1\Editor\Unity.exe
-adb2
-batchMode
-noUpm
-name
AssetImportWorker0
-projectPath
F:/HOLBERTON/AR-VR/Unity/holbertonschool-unity/Unity_independent/0x0A-unity-360_video_tour
-logFile
Logs/AssetImportWorker0.log
-srvPort
53213
Successfully changed project path to: F:/HOLBERTON/AR-VR/Unity/holbertonschool-unity/Unity_independent/0x0A-unity-360_video_tour
F:/HOLBERTON/AR-VR/Unity/holbertonschool-unity/Unity_independent/0x0A-unity-360_video_tour
Using Asset Import Pipeline V2.
Refreshing native plugins compatible for Editor in 50.67 ms, found 0 plugins.
Preloading 0 native plugins for Editor in 0.00 ms.
Initialize engine version: 2020.3.3f1 (76626098c1c4)
[Subsystems] Discovering subsystems at path F:/HOLBERTON/AR-VR/Unity/2020.3.3f1/Editor/Data/Resources/UnitySubsystems
[Subsystems] Discovering subsystems at path F:/HOLBERTON/AR-VR/Unity/holbertonschool-unity/Unity_independent/0x0A-unity-360_video_tour/Assets
GfxDevice: creating device client; threaded=0
d3d11: QueryInterface(IDXGIFactory5) failed (80004002).
Direct3D:
    Version:  Direct3D 11.0 [level 11.0]
    Renderer: NVIDIA GeForce GT 820M (ID=0x1140)
    Vendor:   
    VRAM:     1984 MB
    Driver:   22.21.13.8541
Initialize mono
Mono path[0] = 'F:/HOLBERTON/AR-VR/Unity/2020.3.3f1/Editor/Data/Managed'
Mono path[1] = 'F:/HOLBERTON/AR-VR/Unity/2020.3.3f1/Editor/Data/MonoBleedingEdge/lib/mono/unityjit'
Mono config path = 'F:/HOLBERTON/AR-VR/Unity/2020.3.3f1/Editor/Data/MonoBleedingEdge/etc'
Using monoOptions --debugger-agent=transport=dt_socket,embedding=1,server=y,suspend=n,address=127.0.0.1:56808
Begin MonoManager ReloadAssembly
Registering precompiled unity dll's ...
Register platform support module: F:/HOLBERTON/AR-VR/Unity/2020.3.3f1/Editor/Data/PlaybackEngines/WebGLSupport/UnityEditor.WebGL.Extensions.dll
Register platform support module: F:/HOLBERTON/AR-VR/Unity/2020.3.3f1/Editor/Data/PlaybackEngines/WindowsStandaloneSupport/UnityEditor.WindowsStandalone.Extensions.dll
Register platform support module: F:/HOLBERTON/AR-VR/Unity/2020.3.3f1/Editor/Data/PlaybackEngines/LinuxStandaloneSupport/UnityEditor.LinuxStandalone.Extensions.dll
Registered in 0.002061 seconds.
Native extension for LinuxStandalone target not found
Native extension for WindowsStandalone target not found
Native extension for WebGL target not found
Refreshing native plugins compatible for Editor in 39.52 ms, found 0 plugins.
Preloading 0 native plugins for Editor in 0.00 ms.
Invoked RoslynAnalysisRunner static constructor.
RoslynAnalysisRunner will not be running.
RoslynAnalysisRunner has terminated.
Mono: successfully reloaded assembly
- Completed reload, in  3.435 seconds
Platform modules already initialized, skipping
Registering precompiled user dll's ...
Registered in 0.000846 seconds.
Begin MonoManager ReloadAssembly
Native extension for LinuxStandalone target not found
Native extension for WindowsStandalone target not found
Native extension for WebGL target not found
Refreshing native plugins compatible for Editor in 1.04 ms, found 0 plugins.
Preloading 0 native plugins for Editor in 0.00 ms.
Invoked RoslynAnalysisRunner static constructor.
RoslynAnalysisRunner will not be running.
RoslynAnalysisRunner has terminated.
Mono: successfully reloaded assembly
- Completed reload, in  1.824 seconds
Platform modules already initialized, skipping
========================================================================
Worker process is ready to serve import requests
Launched and connected shader compiler UnityShaderCompiler.exe after 0.04 seconds
Refreshing native plugins compatible for Editor in 3.67 ms, found 0 plugins.
Preloading 0 native plugins for Editor in 0.00 ms.
Unloading 1124 Unused Serialized files (Serialized files now loaded: 0)
System memory in use before: 59.0 MB.
System memory in use after: 59.0 MB.

Unloading 9 unused Assets to reduce memory usage. Loaded Objects now: 1570.
Total: 3.959413 ms (FindLiveObjects: 0.727932 ms CreateObjectMapping: 0.247118 ms MarkObjects: 2.891200 ms  DeleteObjects: 0.088820 ms)

========================================================================
Received Import Request.
  path: Assets/Images/CantinaText.png
  artifactKey: Guid(4a272b36de0b7e84698b3a4d5ce39087) Importer(815301076,1909f56bfc062723c751e8b465ee728b)
Start importing Assets/Images/CantinaText.png using Guid(4a272b36de0b7e84698b3a4d5ce39087) Importer(815301076,1909f56bfc062723c751e8b465ee728b)  -> (artifact id: '8deb2b94a9acb5cdc759d4bb6be148f7') in 0.098297 seconds
  Import took 0.101982 seconds .

========================================================================
Received Import Request.
  Time since last request: 1.286383 seconds.
  path: Assets/Images/CantinaText.png
  artifactKey: Guid(4a272b36de0b7e84698b3a4d5ce39087) Importer(815301076,1909f56bfc062723c751e8b465ee728b)
Start importing Assets/Images/CantinaText.png using Guid(4a272b36de0b7e84698b3a4d5ce39087) Importer(815301076,1909f56bfc062723c751e8b465ee728b)  -> (artifact id: '8deb2b94a9acb5cdc759d4bb6be148f7') in 0.009482 seconds
  Import took 0.013774 seconds .

========================================================================
Received Import Request.
  Time since last request: 2.476982 seconds.
  path: Assets/Images/CantinaText.png
  artifactKey: Guid(4a272b36de0b7e84698b3a4d5ce39087) Importer(815301076,1909f56bfc062723c751e8b465ee728b)
Start importing Assets/Images/CantinaText.png using Guid(4a272b36de0b7e84698b3a4d5ce39087) Importer(815301076,1909f56bfc062723c751e8b465ee728b)  -> (artifact id: '1239103a6fa945b862df4808e4b7f62f') in 0.160914 seconds
  Import took 0.166861 seconds .

========================================================================
Received Prepare
Registering precompiled user dll's ...
Registered in 0.000882 seconds.
Begin MonoManager ReloadAssembly
Native extension for LinuxStandalone target not found
Native extension for WindowsStandalone target not found
Native extension for WebGL target not found
Refreshing native plugins compatible for Editor in 0.89 ms, found 0 plugins.
Preloading 0 native plugins for Editor in 0.00 ms.
Invoked RoslynAnalysisRunner static constructor.
RoslynAnalysisRunner will not be running.
RoslynAnalysisRunner has terminated.
Mono: successfully reloaded assembly
- Completed reload, in  2.309 seconds
Platform modules already initialized, skipping
Refreshing native plugins compatible for Editor in 0.34 ms, found 0 plugins.
Preloading 0 native plugins for Editor in 0.00 ms.
Unloading 1118 Unused Serialized files (Serialized files now loaded: 0)
System memory in use before: 61.9 MB.
System memory in use after: 62.0 MB.

Unloading 4 unused Assets to reduce memory usage. Loaded Objects now: 1580.
Total: 6.699421 ms (FindLiveObjects: 3.688215 ms CreateObjectMapping: 0.403442 ms MarkObjects: 2.523287 ms  DeleteObjects: 0.076188 ms)

========================================================================
Received Import Request.
  Time since last request: 197.871353 seconds.
  path: Assets/Images/CantinaText.png
  artifactKey: Guid(4a272b36de0b7e84698b3a4d5ce39087) Importer(815301076,1909f56bfc062723c751e8b465ee728b)
Start importing Assets/Images/CantinaText.png using Guid(4a272b36de0b7e84698b3a4d5ce39087) Importer(815301076,1909f56bfc062723c751e8b465ee728b)  -> (artifact id: '03688ceac61a0240979f8c405e8a6171') in 0.088404 seconds
  Import took 0.092938 seconds .

========================================================================
Received Import Request.
  Time since last request: 6.017766 seconds.
  path: Assets/Images/CantinaText.png
  artifactKey: Guid(4a272b36de0b7e84698b3a4d5ce39087) Importer(815301076,1909f56bfc062723c751e8b465ee728b)
Start importing Assets/Images/CantinaText.png using Guid(4a272b36de0b7e84698b3a4d5ce39087) Importer(815301076,1909f56bfc062723c751e8b465ee728b)  -> (artifact id: 'af09f126329cd05a49ab30f9d6ad079a') in 0.054569 seconds
  Import took 0.058179 seconds .

========================================================================
Received Import Request.
  Time since last request: 2.378696 seconds.
  path: Assets/Images/Cantina.png
  artifactKey: Guid(b44b152ad8f2a814893ce593c2e7e1fe) Importer(815301076,1909f56bfc062723c751e8b465ee728b)
Start importing Assets/Images/Cantina.png using Guid(b44b152ad8f2a814893ce593c2e7e1fe) Importer(815301076,1909f56bfc062723c751e8b465ee728b)  -> (artifact id: 'c032fc76057f4d23aa4a8a337ecd0f51') in 0.022964 seconds
  Import took 0.029920 seconds .

========================================================================
Received Import Request.
  Time since last request: 16.093584 seconds.
  path: Assets/Images/Cantina.png
  artifactKey: Guid(b44b152ad8f2a814893ce593c2e7e1fe) Importer(815301076,1909f56bfc062723c751e8b465ee728b)
Start importing Assets/Images/Cantina.png using Guid(b44b152ad8f2a814893ce593c2e7e1fe) Importer(815301076,1909f56bfc062723c751e8b465ee728b)  -> (artifact id: 'bec2728274aff220e6eb2cdf7b6a9813') in 0.022233 seconds
  Import took 0.027027 seconds .

========================================================================
Received Prepare
Registering precompiled user dll's ...
Registered in 0.000874 seconds.
Begin MonoManager ReloadAssembly
Native extension for LinuxStandalone target not found
Native extension for WindowsStandalone target not found
Native extension for WebGL target not found
Refreshing native plugins compatible for Editor in 0.28 ms, found 0 plugins.
Preloading 0 native plugins for Editor in 0.00 ms.
Invoked RoslynAnalysisRunner static constructor.
RoslynAnalysisRunner will not be running.
RoslynAnalysisRunner has terminated.
Mono: successfully reloaded assembly
- Completed reload, in  1.692 seconds
Platform modules already initialized, skipping
Refreshing native plugins compatible for Editor in 1.42 ms, found 0 plugins.
Preloading 0 native plugins for Editor in 0.00 ms.
Unloading 1118 Unused Serialized files (Serialized files now loaded: 0)
System memory in use before: 61.9 MB.
System memory in use after: 62.0 MB.

Unloading 4 unused Assets to reduce memory usage. Loaded Objects now: 1584.
Total: 1.957205 ms (FindLiveObjects: 0.166193 ms CreateObjectMapping: 0.053292 ms MarkObjects: 1.719167 ms  DeleteObjects: 0.017764 ms)

========================================================================
Received Import Request.
  Time since last request: 81.587038 seconds.
  path: Assets/Images/Cube.png
  artifactKey: Guid(390c413de94bff8458dd9268f29db4d9) Importer(815301076,1909f56bfc062723c751e8b465ee728b)
Start importing Assets/Images/Cube.png using Guid(390c413de94bff8458dd9268f29db4d9) Importer(815301076,1909f56bfc062723c751e8b465ee728b)  -> (artifact id: 'f9d2370e992b9fca1427901fa9a36f4a') in 0.069013 seconds
  Import took 0.076989 seconds .

========================================================================
Received Import Request.
  Time since last request: 0.032826 seconds.
  path: Assets/Images/Cube.png
  artifactKey: Guid(390c413de94bff8458dd9268f29db4d9) Importer(815301076,1909f56bfc062723c751e8b465ee728b)
Start importing Assets/Images/Cube.png using Guid(390c413de94bff8458dd9268f29db4d9) Importer(815301076,1909f56bfc062723c751e8b465ee728b)  -> (artifact id: 'f9d2370e992b9fca1427901fa9a36f4a') in 0.017721 seconds
  Import took 0.027868 seconds .

========================================================================
Received Import Request.
  Time since last request: 77.825065 seconds.
  path: Assets/Images/LivingRoom.png
  artifactKey: Guid(f0b976aa961778b4e933cf4258d35cfa) Importer(815301076,1909f56bfc062723c751e8b465ee728b)
Start importing Assets/Images/LivingRoom.png using Guid(f0b976aa961778b4e933cf4258d35cfa) Importer(815301076,1909f56bfc062723c751e8b465ee728b)  -> (artifact id: '5b0dddf719d6b8b6542fc3741cd60dd6') in 0.012389 seconds
  Import took 0.016761 seconds .

========================================================================
Received Import Request.
  Time since last request: 0.000300 seconds.
  path: Assets/Images/MezzaNine.png
  artifactKey: Guid(e9ba74d572ddd5c48b1dc39b85b99c3c) Importer(815301076,1909f56bfc062723c751e8b465ee728b)
Start importing Assets/Images/MezzaNine.png using Guid(e9ba74d572ddd5c48b1dc39b85b99c3c) Importer(815301076,1909f56bfc062723c751e8b465ee728b)  -> (artifact id: '4aca74236b5e79fdd0bcfaeab2ad6e9e') in 0.008539 seconds
  Import took 0.016474 seconds .

========================================================================
Received Import Request.
  Time since last request: 200.446552 seconds.
  path: Assets/Images/Cube.png
  artifactKey: Guid(390c413de94bff8458dd9268f29db4d9) Importer(815301076,1909f56bfc062723c751e8b465ee728b)
Start importing Assets/Images/Cube.png using Guid(390c413de94bff8458dd9268f29db4d9) Importer(815301076,1909f56bfc062723c751e8b465ee728b)  -> (artifact id: '1605f6c041e5d43f45fdef659267e222') in 0.072246 seconds
  Import took 0.076633 seconds .

========================================================================
Received Import Request.
  Time since last request: 4.167828 seconds.
  path: Assets/Images/LivingRoom.png
  artifactKey: Guid(f0b976aa961778b4e933cf4258d35cfa) Importer(815301076,1909f56bfc062723c751e8b465ee728b)
Start importing Assets/Images/LivingRoom.png using Guid(f0b976aa961778b4e933cf4258d35cfa) Importer(815301076,1909f56bfc062723c751e8b465ee728b)  -> (artifact id: '58be22f2b9c5bbd843b2164e845d6410') in 0.048524 seconds
  Import took 0.053760 seconds .

========================================================================
Received Import Request.
  Time since last request: 0.024784 seconds.
  path: Assets/Images/LivingRoom.png
  artifactKey: Guid(f0b976aa961778b4e933cf4258d35cfa) Importer(815301076,1909f56bfc062723c751e8b465ee728b)
Start importing Assets/Images/LivingRoom.png using Guid(f0b976aa961778b4e933cf4258d35cfa) Importer(815301076,1909f56bfc062723c751e8b465ee728b)  -> (artifact id: '58be22f2b9c5bbd843b2164e845d6410') in 0.017921 seconds
  Import took 0.022254 seconds .

========================================================================
Received Import Request.
  Time since last request: 3.509874 seconds.
  path: Assets/Images/MezzaNine.png
  artifactKey: Guid(e9ba74d572ddd5c48b1dc39b85b99c3c) Importer(815301076,1909f56bfc062723c751e8b465ee728b)
Start importing Assets/Images/MezzaNine.png using Guid(e9ba74d572ddd5c48b1dc39b85b99c3c) Importer(815301076,1909f56bfc062723c751e8b465ee728b)  -> (artifact id: '1089e84d45d0656b64a51a4d317f0c59') in 0.026148 seconds
  Import took 0.030575 seconds .

========================================================================
Received Import Request.
  Time since last request: 45.583190 seconds.
  path: Assets/Images/Cube.png
  artifactKey: Guid(390c413de94bff8458dd9268f29db4d9) Importer(815301076,1909f56bfc062723c751e8b465ee728b)
Start importing Assets/Images/Cube.png using Guid(390c413de94bff8458dd9268f29db4d9) Importer(815301076,1909f56bfc062723c751e8b465ee728b)  -> (artifact id: '9fe0fa1736c1bdb8cbc61003cd90d6d8') in 0.018206 seconds
  Import took 0.041665 seconds .

========================================================================
Received Prepare
Registering precompiled user dll's ...
Registered in 0.001881 seconds.
Begin MonoManager ReloadAssembly
Native extension for LinuxStandalone target not found
Native extension for WindowsStandalone target not found
Native extension for WebGL target not found
Refreshing native plugins compatible for Editor in 0.27 ms, found 0 plugins.
Preloading 0 native plugins for Editor in 0.00 ms.
Invoked RoslynAnalysisRunner static constructor.
RoslynAnalysisRunner will not be running.
RoslynAnalysisRunner has terminated.
Mono: successfully reloaded assembly
- Completed reload, in  1.440 seconds
Platform modules already initialized, skipping
Refreshing native plugins compatible for Editor in 0.42 ms, found 0 plugins.
Preloading 0 native plugins for Editor in 0.00 ms.
Unloading 1118 Unused Serialized files (Serialized files now loaded: 0)
System memory in use before: 61.9 MB.
System memory in use after: 62.0 MB.

Unloading 4 unused Assets to reduce memory usage. Loaded Objects now: 1595.
Total: 5.903196 ms (FindLiveObjects: 0.393573 ms CreateObjectMapping: 0.085268 ms MarkObjects: 5.283428 ms  DeleteObjects: 0.134612 ms)

========================================================================
Received Import Request.
  Time since last request: 481.776583 seconds.
  path: Assets/Videos/Bavarian Alps Wimbachklamm.mp4
  artifactKey: Guid(a12177a5d15d5de4bbbe486cd4b07420) Importer(815301076,1909f56bfc062723c751e8b465ee728b)
Start importing Assets/Videos/Bavarian Alps Wimbachklamm.mp4 using Guid(a12177a5d15d5de4bbbe486cd4b07420) Importer(815301076,1909f56bfc062723c751e8b465ee728b)  -> (artifact id: '29e70c014c90e6cb8f62e351fd05a122') in 0.029633 seconds
  Import took 0.034763 seconds .

========================================================================
Received Prepare
Registering precompiled user dll's ...
Registered in 0.000722 seconds.
Begin MonoManager ReloadAssembly
Native extension for LinuxStandalone target not found
Native extension for WindowsStandalone target not found
Native extension for WebGL target not found
Refreshing native plugins compatible for Editor in 0.36 ms, found 0 plugins.
Preloading 0 native plugins for Editor in 0.00 ms.
Invoked RoslynAnalysisRunner static constructor.
RoslynAnalysisRunner will not be running.
RoslynAnalysisRunner has terminated.
Mono: successfully reloaded assembly
- Completed reload, in  1.202 seconds
Platform modules already initialized, skipping
Refreshing native plugins compatible for Editor in 0.28 ms, found 0 plugins.
Preloading 0 native plugins for Editor in 0.00 ms.
Unloading 1118 Unused Serialized files (Serialized files now loaded: 0)
System memory in use before: 62.0 MB.
System memory in use after: 62.0 MB.

Unloading 4 unused Assets to reduce memory usage. Loaded Objects now: 1598.
Total: 2.496838 ms (FindLiveObjects: 0.200537 ms CreateObjectMapping: 0.095136 ms MarkObjects: 2.181427 ms  DeleteObjects: 0.017764 ms)

========================================================================
Received Import Request.
  Time since last request: 203.635922 seconds.
  path: Assets/Scripts/ChangeLocation.cs
  artifactKey: Guid(3c3843d1605bccd40890b68911cdf6c6) Importer(815301076,1909f56bfc062723c751e8b465ee728b)
Start importing Assets/Scripts/ChangeLocation.cs using Guid(3c3843d1605bccd40890b68911cdf6c6) Importer(815301076,1909f56bfc062723c751e8b465ee728b)  -> (artifact id: '5b5a814b1b36f0d699ffefd49891d479') in 0.013788 seconds
  Import took 0.019099 seconds .

========================================================================
Received Prepare
Registering precompiled user dll's ...
Registered in 0.000979 seconds.
Begin MonoManager ReloadAssembly
Native extension for LinuxStandalone target not found
Native extension for WindowsStandalone target not found
Native extension for WebGL target not found
Refreshing native plugins compatible for Editor in 0.28 ms, found 0 plugins.
Preloading 0 native plugins for Editor in 0.00 ms.
Invoked RoslynAnalysisRunner static constructor.
RoslynAnalysisRunner will not be running.
RoslynAnalysisRunner has terminated.
Mono: successfully reloaded assembly
- Completed reload, in  1.557 seconds
Platform modules already initialized, skipping
Refreshing native plugins compatible for Editor in 0.46 ms, found 0 plugins.
Preloading 0 native plugins for Editor in 0.00 ms.
Unloading 1119 Unused Serialized files (Serialized files now loaded: 0)
System memory in use before: 62.0 MB.
System memory in use after: 62.1 MB.

Unloading 4 unused Assets to reduce memory usage. Loaded Objects now: 1602.
Total: 5.144473 ms (FindLiveObjects: 0.935179 ms CreateObjectMapping: 0.495420 ms MarkObjects: 3.694136 ms  DeleteObjects: 0.016580 ms)

========================================================================
Received Prepare
Registering precompiled user dll's ...
Registered in 0.001010 seconds.
Begin MonoManager ReloadAssembly
Native extension for LinuxStandalone target not found
Native extension for WindowsStandalone target not found
Native extension for WebGL target not found
Refreshing native plugins compatible for Editor in 0.76 ms, found 0 plugins.
Preloading 0 native plugins for Editor in 0.00 ms.
Invoked RoslynAnalysisRunner static constructor.
RoslynAnalysisRunner will not be running.
RoslynAnalysisRunner has terminated.
Mono: successfully reloaded assembly
- Completed reload, in  1.873 seconds
Platform modules already initialized, skipping
Refreshing native plugins compatible for Editor in 0.59 ms, found 0 plugins.
Preloading 0 native plugins for Editor in 0.00 ms.
Unloading 1119 Unused Serialized files (Serialized files now loaded: 0)
System memory in use before: 62.0 MB.
System memory in use after: 62.1 MB.

Unloading 4 unused Assets to reduce memory usage. Loaded Objects now: 1605.
Total: 13.985846 ms (FindLiveObjects: 3.323854 ms CreateObjectMapping: 1.610609 ms MarkObjects: 9.010723 ms  DeleteObjects: 0.038686 ms)

========================================================================
Received Import Request.
  Time since last request: 179.548582 seconds.
  path: Assets/Scripts/ChangeLocation.cs
  artifactKey: Guid(3c3843d1605bccd40890b68911cdf6c6) Importer(815301076,1909f56bfc062723c751e8b465ee728b)
Start importing Assets/Scripts/ChangeLocation.cs using Guid(3c3843d1605bccd40890b68911cdf6c6) Importer(815301076,1909f56bfc062723c751e8b465ee728b)  -> (artifact id: '128a668dd63c64139c17bd4f99b13d92') in 0.012373 seconds
  Import took 0.016141 seconds .

========================================================================
Received Prepare
Registering precompiled user dll's ...
Registered in 0.001247 seconds.
Begin MonoManager ReloadAssembly
Native extension for LinuxStandalone target not found
Native extension for WindowsStandalone target not found
Native extension for WebGL target not found
Refreshing native plugins compatible for Editor in 0.29 ms, found 0 plugins.
Preloading 0 native plugins for Editor in 0.00 ms.
Invoked RoslynAnalysisRunner static constructor.
RoslynAnalysisRunner will not be running.
RoslynAnalysisRunner has terminated.
Mono: successfully reloaded assembly
- Completed reload, in  1.932 seconds
Platform modules already initialized, skipping
Refreshing native plugins compatible for Editor in 0.29 ms, found 0 plugins.
Preloading 0 native plugins for Editor in 0.00 ms.
Unloading 1119 Unused Serialized files (Serialized files now loaded: 0)
System memory in use before: 62.0 MB.
System memory in use after: 62.1 MB.

Unloading 4 unused Assets to reduce memory usage. Loaded Objects now: 1608.
Total: 4.011126 ms (FindLiveObjects: 0.377388 ms CreateObjectMapping: 0.127901 ms MarkObjects: 3.478204 ms  DeleteObjects: 0.024475 ms)

========================================================================
Received Prepare
Registering precompiled user dll's ...
Registered in 0.000862 seconds.
Begin MonoManager ReloadAssembly
Native extension for LinuxStandalone target not found
Native extension for WindowsStandalone target not found
Native extension for WebGL target not found
Refreshing native plugins compatible for Editor in 0.31 ms, found 0 plugins.
Preloading 0 native plugins for Editor in 0.00 ms.
Invoked RoslynAnalysisRunner static constructor.
RoslynAnalysisRunner will not be running.
RoslynAnalysisRunner has terminated.
Mono: successfully reloaded assembly
- Completed reload, in  1.786 seconds
Platform modules already initialized, skipping
Refreshing native plugins compatible for Editor in 0.53 ms, found 0 plugins.
Preloading 0 native plugins for Editor in 0.00 ms.
Unloading 1119 Unused Serialized files (Serialized files now loaded: 0)
System memory in use before: 62.0 MB.
System memory in use after: 62.1 MB.

Unloading 4 unused Assets to reduce memory usage. Loaded Objects now: 1611.
Total: 3.730848 ms (FindLiveObjects: 0.546738 ms CreateObjectMapping: 0.323306 ms MarkObjects: 2.836329 ms  DeleteObjects: 0.020527 ms)

========================================================================
Received Import Request.
  Time since last request: 466.852538 seconds.
  path: Assets/Scripts/ChangeLocation.cs
  artifactKey: Guid(3c3843d1605bccd40890b68911cdf6c6) Importer(815301076,1909f56bfc062723c751e8b465ee728b)
Start importing Assets/Scripts/ChangeLocation.cs using Guid(3c3843d1605bccd40890b68911cdf6c6) Importer(815301076,1909f56bfc062723c751e8b465ee728b)  -> (artifact id: 'c2dde1a91054f34f1187461d63ece9aa') in 0.008186 seconds
  Import took 0.013193 seconds .

========================================================================
Received Prepare
Registering precompiled user dll's ...
Registered in 0.001094 seconds.
Begin MonoManager ReloadAssembly
Native extension for LinuxStandalone target not found
Native extension for WindowsStandalone target not found
Native extension for WebGL target not found
Refreshing native plugins compatible for Editor in 0.30 ms, found 0 plugins.
Preloading 0 native plugins for Editor in 0.00 ms.
Invoked RoslynAnalysisRunner static constructor.
RoslynAnalysisRunner will not be running.
RoslynAnalysisRunner has terminated.
Mono: successfully reloaded assembly
- Completed reload, in  1.467 seconds
Platform modules already initialized, skipping
Refreshing native plugins compatible for Editor in 0.39 ms, found 0 plugins.
Preloading 0 native plugins for Editor in 0.00 ms.
Unloading 1119 Unused Serialized files (Serialized files now loaded: 0)
System memory in use before: 62.0 MB.
System memory in use after: 62.1 MB.

Unloading 4 unused Assets to reduce memory usage. Loaded Objects now: 1614.
Total: 4.219163 ms (FindLiveObjects: 0.370677 ms CreateObjectMapping: 0.163035 ms MarkObjects: 3.635317 ms  DeleteObjects: 0.044608 ms)

========================================================================
Received Import Request.
  Time since last request: 239.710014 seconds.
  path: Assets/Scripts/ChangeLocation.cs
  artifactKey: Guid(3c3843d1605bccd40890b68911cdf6c6) Importer(815301076,1909f56bfc062723c751e8b465ee728b)
Start importing Assets/Scripts/ChangeLocation.cs using Guid(3c3843d1605bccd40890b68911cdf6c6) Importer(815301076,1909f56bfc062723c751e8b465ee728b)  -> (artifact id: 'c05a8378ec03a496d5b38e57c4e06a72') in 0.005181 seconds
  Import took 0.008199 seconds .

========================================================================
Received Prepare
Registering precompiled user dll's ...
Registered in 0.001019 seconds.
Begin MonoManager ReloadAssembly
Native extension for LinuxStandalone target not found
Native extension for WindowsStandalone target not found
Native extension for WebGL target not found
Refreshing native plugins compatible for Editor in 0.32 ms, found 0 plugins.
Preloading 0 native plugins for Editor in 0.00 ms.
Invoked RoslynAnalysisRunner static constructor.
RoslynAnalysisRunner will not be running.
RoslynAnalysisRunner has terminated.
Mono: successfully reloaded assembly
- Completed reload, in  1.719 seconds
Platform modules already initialized, skipping
Refreshing native plugins compatible for Editor in 0.64 ms, found 0 plugins.
Preloading 0 native plugins for Editor in 0.00 ms.
Unloading 1119 Unused Serialized files (Serialized files now loaded: 0)
System memory in use before: 62.0 MB.
System memory in use after: 62.1 MB.

Unloading 4 unused Assets to reduce memory usage. Loaded Objects now: 1617.
Total: 5.386459 ms (FindLiveObjects: 0.364755 ms CreateObjectMapping: 0.118032 ms MarkObjects: 4.878407 ms  DeleteObjects: 0.023291 ms)

========================================================================
Received Prepare
Registering precompiled user dll's ...
Registered in 0.001292 seconds.
Begin MonoManager ReloadAssembly
Native extension for LinuxStandalone target not found
Native extension for WindowsStandalone target not found
Native extension for WebGL target not found
Refreshing native plugins compatible for Editor in 0.43 ms, found 0 plugins.
Preloading 0 native plugins for Editor in 0.00 ms.
Invoked RoslynAnalysisRunner static constructor.
RoslynAnalysisRunner will not be running.
RoslynAnalysisRunner has terminated.
Mono: successfully reloaded assembly
- Completed reload, in  1.694 seconds
Platform modules already initialized, skipping
Refreshing native plugins compatible for Editor in 0.45 ms, found 0 plugins.
Preloading 0 native plugins for Editor in 0.00 ms.
Unloading 1119 Unused Serialized files (Serialized files now loaded: 0)
System memory in use before: 62.0 MB.
System memory in use after: 62.1 MB.

Unloading 4 unused Assets to reduce memory usage. Loaded Objects now: 1620.
Total: 2.274590 ms (FindLiveObjects: 0.255408 ms CreateObjectMapping: 0.070267 ms MarkObjects: 1.929177 ms  DeleteObjects: 0.018554 ms)

========================================================================
Received Prepare
Registering precompiled user dll's ...
Registered in 0.001097 seconds.
Begin MonoManager ReloadAssembly
Native extension for LinuxStandalone target not found
Native extension for WindowsStandalone target not found
Native extension for WebGL target not found
Refreshing native plugins compatible for Editor in 0.28 ms, found 0 plugins.
Preloading 0 native plugins for Editor in 0.00 ms.
Invoked RoslynAnalysisRunner static constructor.
RoslynAnalysisRunner will not be running.
RoslynAnalysisRunner has terminated.
Mono: successfully reloaded assembly
- Completed reload, in  1.714 seconds
Platform modules already initialized, skipping
Refreshing native plugins compatible for Editor in 0.60 ms, found 0 plugins.
Preloading 0 native plugins for Editor in 0.00 ms.
Unloading 1119 Unused Serialized files (Serialized files now loaded: 0)
System memory in use before: 62.0 MB.
System memory in use after: 62.1 MB.

Unloading 4 unused Assets to reduce memory usage. Loaded Objects now: 1623.
Total: 3.303327 ms (FindLiveObjects: 0.438180 ms CreateObjectMapping: 0.191457 ms MarkObjects: 2.636582 ms  DeleteObjects: 0.032765 ms)

========================================================================
Received Prepare
Registering precompiled user dll's ...
Registered in 0.001073 seconds.
Begin MonoManager ReloadAssembly
Native extension for LinuxStandalone target not found
Native extension for WindowsStandalone target not found
Native extension for WebGL target not found
Refreshing native plugins compatible for Editor in 0.38 ms, found 0 plugins.
Preloading 0 native plugins for Editor in 0.00 ms.
Invoked RoslynAnalysisRunner static constructor.
RoslynAnalysisRunner will not be running.
RoslynAnalysisRunner has terminated.
Mono: successfully reloaded assembly
- Completed reload, in  1.632 seconds
Platform modules already initialized, skipping
Refreshing native plugins compatible for Editor in 0.31 ms, found 0 plugins.
Preloading 0 native plugins for Editor in 0.00 ms.
Unloading 1119 Unused Serialized files (Serialized files now loaded: 0)
System memory in use before: 62.0 MB.
System memory in use after: 62.1 MB.

Unloading 4 unused Assets to reduce memory usage. Loaded Objects now: 1626.
Total: 2.276564 ms (FindLiveObjects: 0.177246 ms CreateObjectMapping: 0.052897 ms MarkObjects: 2.017603 ms  DeleteObjects: 0.027238 ms)

========================================================================
Received Prepare
Registering precompiled user dll's ...
Registered in 0.000747 seconds.
Begin MonoManager ReloadAssembly
Native extension for LinuxStandalone target not found
Native extension for WindowsStandalone target not found
Native extension for WebGL target not found
Refreshing native plugins compatible for Editor in 0.46 ms, found 0 plugins.
Preloading 0 native plugins for Editor in 0.00 ms.
Invoked RoslynAnalysisRunner static constructor.
RoslynAnalysisRunner will not be running.
RoslynAnalysisRunner has terminated.
Mono: successfully reloaded assembly
- Completed reload, in  1.572 seconds
Platform modules already initialized, skipping
Refreshing native plugins compatible for Editor in 0.59 ms, found 0 plugins.
Preloading 0 native plugins for Editor in 0.00 ms.
Unloading 1119 Unused Serialized files (Serialized files now loaded: 0)
System memory in use before: 62.0 MB.
System memory in use after: 62.1 MB.

Unloading 4 unused Assets to reduce memory usage. Loaded Objects now: 1629.
Total: 6.214659 ms (FindLiveObjects: 0.278304 ms CreateObjectMapping: 0.141323 ms MarkObjects: 5.725950 ms  DeleteObjects: 0.066714 ms)

========================================================================
Received Prepare
Registering precompiled user dll's ...
Registered in 0.001277 seconds.
Begin MonoManager ReloadAssembly
Native extension for LinuxStandalone target not found
Native extension for WindowsStandalone target not found
Native extension for WebGL target not found
Refreshing native plugins compatible for Editor in 0.40 ms, found 0 plugins.
Preloading 0 native plugins for Editor in 0.00 ms.
Invoked RoslynAnalysisRunner static constructor.
RoslynAnalysisRunner will not be running.
RoslynAnalysisRunner has terminated.
Mono: successfully reloaded assembly
- Completed reload, in  2.258 seconds
Platform modules already initialized, skipping
Refreshing native plugins compatible for Editor in 0.45 ms, found 0 plugins.
Preloading 0 native plugins for Editor in 0.00 ms.
Unloading 1119 Unused Serialized files (Serialized files now loaded: 0)
System memory in use before: 62.0 MB.
System memory in use after: 62.1 MB.

Unloading 4 unused Assets to reduce memory usage. Loaded Objects now: 1632.
Total: 1.979706 ms (FindLiveObjects: 0.184746 ms CreateObjectMapping: 0.052503 ms MarkObjects: 1.721930 ms  DeleteObjects: 0.018554 ms)

========================================================================
Received Prepare
Registering precompiled user dll's ...
Registered in 0.001234 seconds.
Begin MonoManager ReloadAssembly
Native extension for LinuxStandalone target not found
Native extension for WindowsStandalone target not found
Native extension for WebGL target not found
Refreshing native plugins compatible for Editor in 1.36 ms, found 0 plugins.
Preloading 0 native plugins for Editor in 0.00 ms.
Invoked RoslynAnalysisRunner static constructor.
RoslynAnalysisRunner will not be running.
RoslynAnalysisRunner has terminated.
Mono: successfully reloaded assembly
- Completed reload, in  2.043 seconds
Platform modules already initialized, skipping
Refreshing native plugins compatible for Editor in 0.57 ms, found 0 plugins.
Preloading 0 native plugins for Editor in 0.00 ms.
Unloading 1119 Unused Serialized files (Serialized files now loaded: 0)
System memory in use before: 62.0 MB.
System memory in use after: 62.1 MB.

Unloading 4 unused Assets to reduce memory usage. Loaded Objects now: 1635.
Total: 5.084470 ms (FindLiveObjects: 0.885045 ms CreateObjectMapping: 0.451997 ms MarkObjects: 3.718611 ms  DeleteObjects: 0.026449 ms)

========================================================================
Received Prepare
Registering precompiled user dll's ...
Registered in 0.001135 seconds.
Begin MonoManager ReloadAssembly
Native extension for LinuxStandalone target not found
Native extension for WindowsStandalone target not found
Native extension for WebGL target not found
Refreshing native plugins compatible for Editor in 0.47 ms, found 0 plugins.
Preloading 0 native plugins for Editor in 0.00 ms.
Invoked RoslynAnalysisRunner static constructor.
RoslynAnalysisRunner will not be running.
RoslynAnalysisRunner has terminated.
Mono: successfully reloaded assembly
- Completed reload, in  1.358 seconds
Platform modules already initialized, skipping
Refreshing native plugins compatible for Editor in 2.08 ms, found 0 plugins.
Preloading 0 native plugins for Editor in 0.00 ms.
Unloading 1119 Unused Serialized files (Serialized files now loaded: 0)
System memory in use before: 62.1 MB.
System memory in use after: 62.1 MB.

Unloading 4 unused Assets to reduce memory usage. Loaded Objects now: 1638.
Total: 2.063395 ms (FindLiveObjects: 0.179220 ms CreateObjectMapping: 0.053687 ms MarkObjects: 1.812724 ms  DeleteObjects: 0.016580 ms)

========================================================================
Received Prepare
Registering precompiled user dll's ...
Registered in 0.001172 seconds.
Begin MonoManager ReloadAssembly
Native extension for LinuxStandalone target not found
Native extension for WindowsStandalone target not found
Native extension for WebGL target not found
Refreshing native plugins compatible for Editor in 0.44 ms, found 0 plugins.
Preloading 0 native plugins for Editor in 0.00 ms.
Invoked RoslynAnalysisRunner static constructor.
RoslynAnalysisRunner will not be running.
RoslynAnalysisRunner has terminated.
Mono: successfully reloaded assembly
- Completed reload, in  1.663 seconds
Platform modules already initialized, skipping
Refreshing native plugins compatible for Editor in 0.42 ms, found 0 plugins.
Preloading 0 native plugins for Editor in 0.00 ms.
Unloading 1119 Unused Serialized files (Serialized files now loaded: 0)
System memory in use before: 62.1 MB.
System memory in use after: 62.2 MB.

Unloading 4 unused Assets to reduce memory usage. Loaded Objects now: 1641.
Total: 3.005285 ms (FindLiveObjects: 0.307121 ms CreateObjectMapping: 0.080530 ms MarkObjects: 2.591974 ms  DeleteObjects: 0.023291 ms)

========================================================================
Received Prepare
Registering precompiled user dll's ...
Registered in 0.001124 seconds.
Begin MonoManager ReloadAssembly
Native extension for LinuxStandalone target not found
Native extension for WindowsStandalone target not found
Native extension for WebGL target not found
Refreshing native plugins compatible for Editor in 0.27 ms, found 0 plugins.
Preloading 0 native plugins for Editor in 0.00 ms.
Invoked RoslynAnalysisRunner static constructor.
RoslynAnalysisRunner will not be running.
RoslynAnalysisRunner has terminated.
Mono: successfully reloaded assembly
- Completed reload, in  1.631 seconds
Platform modules already initialized, skipping
Refreshing native plugins compatible for Editor in 0.29 ms, found 0 plugins.
Preloading 0 native plugins for Editor in 0.00 ms.
Unloading 1119 Unused Serialized files (Serialized files now loaded: 0)
System memory in use before: 62.1 MB.
System memory in use after: 62.2 MB.

Unloading 4 unused Assets to reduce memory usage. Loaded Objects now: 1644.
Total: 4.069550 ms (FindLiveObjects: 0.409758 ms CreateObjectMapping: 0.133428 ms MarkObjects: 3.499126 ms  DeleteObjects: 0.024870 ms)

========================================================================
Received Prepare
Registering precompiled user dll's ...
Registered in 0.001732 seconds.
Begin MonoManager ReloadAssembly
Native extension for LinuxStandalone target not found
Native extension for WindowsStandalone target not found
Native extension for WebGL target not found
Refreshing native plugins compatible for Editor in 0.45 ms, found 0 plugins.
Preloading 0 native plugins for Editor in 0.00 ms.
Invoked RoslynAnalysisRunner static constructor.
RoslynAnalysisRunner will not be running.
RoslynAnalysisRunner has terminated.
Mono: successfully reloaded assembly
- Completed reload, in  1.619 seconds
Platform modules already initialized, skipping
Refreshing native plugins compatible for Editor in 0.28 ms, found 0 plugins.
Preloading 0 native plugins for Editor in 0.00 ms.
Unloading 1119 Unused Serialized files (Serialized files now loaded: 0)
System memory in use before: 62.1 MB.
System memory in use after: 62.2 MB.

Unloading 4 unused Assets to reduce memory usage. Loaded Objects now: 1647.
Total: 2.377227 ms (FindLiveObjects: 0.282646 ms CreateObjectMapping: 0.135402 ms MarkObjects: 1.939441 ms  DeleteObjects: 0.017369 ms)

========================================================================
Received Import Request.
  Time since last request: 1456.090521 seconds.
  path: Assets/Scripts/ChangeLocation.cs
  artifactKey: Guid(3c3843d1605bccd40890b68911cdf6c6) Importer(815301076,1909f56bfc062723c751e8b465ee728b)
Start importing Assets/Scripts/ChangeLocation.cs using Guid(3c3843d1605bccd40890b68911cdf6c6) Importer(815301076,1909f56bfc062723c751e8b465ee728b)  -> (artifact id: 'b871b70bff31ecc788fbccb290c0715c') in 0.009437 seconds
  Import took 0.013771 seconds .

========================================================================
Received Import Request.
  Time since last request: 0.055962 seconds.
  path: Assets/Scripts/ChangeLocation.cs
  artifactKey: Guid(3c3843d1605bccd40890b68911cdf6c6) Importer(815301076,1909f56bfc062723c751e8b465ee728b)
Start importing Assets/Scripts/ChangeLocation.cs using Guid(3c3843d1605bccd40890b68911cdf6c6) Importer(815301076,1909f56bfc062723c751e8b465ee728b)  -> (artifact id: 'b871b70bff31ecc788fbccb290c0715c') in 0.001989 seconds
  Import took 0.005470 seconds .

========================================================================
Received Prepare
Registering precompiled user dll's ...
Registered in 0.002382 seconds.
Begin MonoManager ReloadAssembly
Native extension for LinuxStandalone target not found
Native extension for WindowsStandalone target not found
Native extension for WebGL target not found
Refreshing native plugins compatible for Editor in 2.41 ms, found 0 plugins.
Preloading 0 native plugins for Editor in 0.00 ms.
Invoked RoslynAnalysisRunner static constructor.
RoslynAnalysisRunner will not be running.
RoslynAnalysisRunner has terminated.
Mono: successfully reloaded assembly
- Completed reload, in  6.176 seconds
Platform modules already initialized, skipping
Refreshing native plugins compatible for Editor in 0.65 ms, found 0 plugins.
Preloading 0 native plugins for Editor in 0.00 ms.
Unloading 1119 Unused Serialized files (Serialized files now loaded: 0)
System memory in use before: 62.1 MB.
System memory in use after: 62.2 MB.

Unloading 4 unused Assets to reduce memory usage. Loaded Objects now: 1650.
Total: 14.622194 ms (FindLiveObjects: 0.428311 ms CreateObjectMapping: 0.079346 ms MarkObjects: 11.856132 ms  DeleteObjects: 2.253668 ms)

========================================================================
Received Prepare
Registering precompiled user dll's ...
Registered in 0.000943 seconds.
Begin MonoManager ReloadAssembly
Native extension for LinuxStandalone target not found
Native extension for WindowsStandalone target not found
Native extension for WebGL target not found
Refreshing native plugins compatible for Editor in 0.36 ms, found 0 plugins.
Preloading 0 native plugins for Editor in 0.00 ms.
Invoked RoslynAnalysisRunner static constructor.
RoslynAnalysisRunner will not be running.
RoslynAnalysisRunner has terminated.
Mono: successfully reloaded assembly
- Completed reload, in  2.125 seconds
Platform modules already initialized, skipping
Refreshing native plugins compatible for Editor in 0.34 ms, found 0 plugins.
Preloading 0 native plugins for Editor in 0.00 ms.
Unloading 1119 Unused Serialized files (Serialized files now loaded: 0)
System memory in use before: 62.1 MB.
System memory in use after: 62.2 MB.

Unloading 4 unused Assets to reduce memory usage. Loaded Objects now: 1653.
Total: 2.638161 ms (FindLiveObjects: 0.271198 ms CreateObjectMapping: 0.075793 ms MarkObjects: 2.256036 ms  DeleteObjects: 0.033160 ms)

========================================================================
Received Import Request.
  Time since last request: 31.021136 seconds.
  path: Assets/Scripts/ChangeLocation.cs
  artifactKey: Guid(3c3843d1605bccd40890b68911cdf6c6) Importer(815301076,1909f56bfc062723c751e8b465ee728b)
Start importing Assets/Scripts/ChangeLocation.cs using Guid(3c3843d1605bccd40890b68911cdf6c6) Importer(815301076,1909f56bfc062723c751e8b465ee728b)  -> (artifact id: '75ac5fc6a34dfe096b6bcaeac2f5ed32') in 0.009490 seconds
  Import took 0.016906 seconds .

========================================================================
Received Prepare
Registering precompiled user dll's ...
Registered in 0.000881 seconds.
Begin MonoManager ReloadAssembly
Native extension for LinuxStandalone target not found
Native extension for WindowsStandalone target not found
Native extension for WebGL target not found
Refreshing native plugins compatible for Editor in 1.39 ms, found 0 plugins.
Preloading 0 native plugins for Editor in 0.00 ms.
Invoked RoslynAnalysisRunner static constructor.
RoslynAnalysisRunner will not be running.
RoslynAnalysisRunner has terminated.
Mono: successfully reloaded assembly
- Completed reload, in  1.283 seconds
Platform modules already initialized, skipping
Refreshing native plugins compatible for Editor in 0.27 ms, found 0 plugins.
Preloading 0 native plugins for Editor in 0.00 ms.
Unloading 1119 Unused Serialized files (Serialized files now loaded: 0)
System memory in use before: 62.1 MB.
System memory in use after: 62.2 MB.

Unloading 4 unused Assets to reduce memory usage. Loaded Objects now: 1656.
Total: 1.995102 ms (FindLiveObjects: 0.209221 ms CreateObjectMapping: 0.052897 ms MarkObjects: 1.711272 ms  DeleteObjects: 0.020133 ms)

========================================================================
Received Prepare
Registering precompiled user dll's ...
Registered in 0.001116 seconds.
Begin MonoManager ReloadAssembly
Native extension for LinuxStandalone target not found
Native extension for WindowsStandalone target not found
Native extension for WebGL target not found
Refreshing native plugins compatible for Editor in 0.42 ms, found 0 plugins.
Preloading 0 native plugins for Editor in 0.00 ms.
Invoked RoslynAnalysisRunner static constructor.
RoslynAnalysisRunner will not be running.
RoslynAnalysisRunner has terminated.
Mono: successfully reloaded assembly
- Completed reload, in  1.460 seconds
Platform modules already initialized, skipping
Refreshing native plugins compatible for Editor in 0.36 ms, found 0 plugins.
Preloading 0 native plugins for Editor in 0.00 ms.
Unloading 1119 Unused Serialized files (Serialized files now loaded: 0)
System memory in use before: 62.1 MB.
System memory in use after: 62.2 MB.

Unloading 4 unused Assets to reduce memory usage. Loaded Objects now: 1659.
Total: 2.755009 ms (FindLiveObjects: 0.275935 ms CreateObjectMapping: 0.071846 ms MarkObjects: 2.387490 ms  DeleteObjects: 0.018554 ms)

========================================================================
Received Prepare
Registering precompiled user dll's ...
Registered in 0.001040 seconds.
Begin MonoManager ReloadAssembly
Native extension for LinuxStandalone target not found
Native extension for WindowsStandalone target not found
Native extension for WebGL target not found
Refreshing native plugins compatible for Editor in 0.28 ms, found 0 plugins.
Preloading 0 native plugins for Editor in 0.00 ms.
Invoked RoslynAnalysisRunner static constructor.
RoslynAnalysisRunner will not be running.
RoslynAnalysisRunner has terminated.
Mono: successfully reloaded assembly
- Completed reload, in  1.590 seconds
Platform modules already initialized, skipping
Refreshing native plugins compatible for Editor in 0.29 ms, found 0 plugins.
Preloading 0 native plugins for Editor in 0.00 ms.
Unloading 1119 Unused Serialized files (Serialized files now loaded: 0)
System memory in use before: 62.1 MB.
System memory in use after: 62.2 MB.

Unloading 4 unused Assets to reduce memory usage. Loaded Objects now: 1662.
Total: 4.984597 ms (FindLiveObjects: 0.371861 ms CreateObjectMapping: 0.164614 ms MarkObjects: 4.390487 ms  DeleteObjects: 0.054082 ms)

========================================================================
Received Prepare
Registering precompiled user dll's ...
Registered in 0.000673 seconds.
Begin MonoManager ReloadAssembly
Native extension for LinuxStandalone target not found
Native extension for WindowsStandalone target not found
Native extension for WebGL target not found
Refreshing native plugins compatible for Editor in 0.28 ms, found 0 plugins.
Preloading 0 native plugins for Editor in 0.00 ms.
Invoked RoslynAnalysisRunner static constructor.
RoslynAnalysisRunner will not be running.
RoslynAnalysisRunner has terminated.
Mono: successfully reloaded assembly
- Completed reload, in  1.269 seconds
Platform modules already initialized, skipping
Refreshing native plugins compatible for Editor in 0.71 ms, found 0 plugins.
Preloading 0 native plugins for Editor in 0.00 ms.
Unloading 1119 Unused Serialized files (Serialized files now loaded: 0)
System memory in use before: 62.2 MB.
System memory in use after: 62.2 MB.

Unloading 4 unused Assets to reduce memory usage. Loaded Objects now: 1665.
Total: 2.777115 ms (FindLiveObjects: 0.457129 ms CreateObjectMapping: 0.168166 ms MarkObjects: 2.130504 ms  DeleteObjects: 0.016185 ms)

========================================================================
Received Prepare
Registering precompiled user dll's ...
Registered in 0.000701 seconds.
Begin MonoManager ReloadAssembly
Native extension for LinuxStandalone target not found
Native extension for WindowsStandalone target not found
Native extension for WebGL target not found
Refreshing native plugins compatible for Editor in 0.44 ms, found 0 plugins.
Preloading 0 native plugins for Editor in 0.00 ms.
Invoked RoslynAnalysisRunner static constructor.
RoslynAnalysisRunner will not be running.
RoslynAnalysisRunner has terminated.
Mono: successfully reloaded assembly
- Completed reload, in  1.637 seconds
Platform modules already initialized, skipping
Refreshing native plugins compatible for Editor in 0.45 ms, found 0 plugins.
Preloading 0 native plugins for Editor in 0.00 ms.
Unloading 1119 Unused Serialized files (Serialized files now loaded: 0)
System memory in use before: 62.2 MB.
System memory in use after: 62.3 MB.

Unloading 4 unused Assets to reduce memory usage. Loaded Objects now: 1668.
Total: 2.620792 ms (FindLiveObjects: 0.318174 ms CreateObjectMapping: 0.075793 ms MarkObjects: 2.202744 ms  DeleteObjects: 0.022896 ms)

========================================================================
Received Prepare
Registering precompiled user dll's ...
Registered in 0.001006 seconds.
Begin MonoManager ReloadAssembly
Native extension for LinuxStandalone target not found
Native extension for WindowsStandalone target not found
Native extension for WebGL target not found
Refreshing native plugins compatible for Editor in 0.44 ms, found 0 plugins.
Preloading 0 native plugins for Editor in 0.00 ms.
Invoked RoslynAnalysisRunner static constructor.
RoslynAnalysisRunner will not be running.
RoslynAnalysisRunner has terminated.
Mono: successfully reloaded assembly
- Completed reload, in  1.432 seconds
Platform modules already initialized, skipping
Refreshing native plugins compatible for Editor in 0.27 ms, found 0 plugins.
Preloading 0 native plugins for Editor in 0.00 ms.
Unloading 1119 Unused Serialized files (Serialized files now loaded: 0)
System memory in use before: 62.2 MB.
System memory in use after: 62.3 MB.

Unloading 4 unused Assets to reduce memory usage. Loaded Objects now: 1671.
Total: 2.633029 ms (FindLiveObjects: 0.293304 ms CreateObjectMapping: 0.063556 ms MarkObjects: 2.256431 ms  DeleteObjects: 0.018159 ms)

========================================================================
Received Prepare
Registering precompiled user dll's ...
Registered in 0.000810 seconds.
Begin MonoManager ReloadAssembly
Native extension for LinuxStandalone target not found
Native extension for WindowsStandalone target not found
Native extension for WebGL target not found
Refreshing native plugins compatible for Editor in 0.28 ms, found 0 plugins.
Preloading 0 native plugins for Editor in 0.00 ms.
Invoked RoslynAnalysisRunner static constructor.
RoslynAnalysisRunner will not be running.
RoslynAnalysisRunner has terminated.
Mono: successfully reloaded assembly
- Completed reload, in  1.534 seconds
Platform modules already initialized, skipping
Refreshing native plugins compatible for Editor in 0.30 ms, found 0 plugins.
Preloading 0 native plugins for Editor in 0.00 ms.
Unloading 1119 Unused Serialized files (Serialized files now loaded: 0)
System memory in use before: 62.2 MB.
System memory in use after: 62.3 MB.

Unloading 4 unused Assets to reduce memory usage. Loaded Objects now: 1674.
Total: 3.884804 ms (FindLiveObjects: 0.327648 ms CreateObjectMapping: 0.084873 ms MarkObjects: 3.441097 ms  DeleteObjects: 0.029607 ms)

========================================================================
Received Prepare
Registering precompiled user dll's ...
Registered in 0.002426 seconds.
Begin MonoManager ReloadAssembly
Native extension for LinuxStandalone target not found
Native extension for WindowsStandalone target not found
Native extension for WebGL target not found
Refreshing native plugins compatible for Editor in 0.32 ms, found 0 plugins.
Preloading 0 native plugins for Editor in 0.00 ms.
Invoked RoslynAnalysisRunner static constructor.
RoslynAnalysisRunner will not be running.
RoslynAnalysisRunner has terminated.
Mono: successfully reloaded assembly
- Completed reload, in  1.931 seconds
Platform modules already initialized, skipping
Refreshing native plugins compatible for Editor in 0.63 ms, found 0 plugins.
Preloading 0 native plugins for Editor in 0.00 ms.
Unloading 1119 Unused Serialized files (Serialized files now loaded: 0)
System memory in use before: 62.2 MB.
System memory in use after: 62.3 MB.

Unloading 4 unused Assets to reduce memory usage. Loaded Objects now: 1677.
Total: 3.647160 ms (FindLiveObjects: 0.245934 ms CreateObjectMapping: 0.058819 ms MarkObjects: 3.312011 ms  DeleteObjects: 0.028028 ms)

========================================================================
Received Import Request.
  Time since last request: 1458.148594 seconds.
  path: Assets/Images/SCCRallyPnt.ani
  artifactKey: Guid(18c966825c91e024eb8c5023cb13e63f) Importer(815301076,1909f56bfc062723c751e8b465ee728b)
Start importing Assets/Images/SCCRallyPnt.ani using Guid(18c966825c91e024eb8c5023cb13e63f) Importer(815301076,1909f56bfc062723c751e8b465ee728b)  -> (artifact id: 'c484ae34cdf139d2e773239fa1ef214b') in 0.040951 seconds
  Import took 0.044810 seconds .

========================================================================
Received Import Request.
  Time since last request: 158.426230 seconds.
  path: Assets/Images/ndice.png
  artifactKey: Guid(7b2a7fb2275a7b74b8b8fb65a8875fd9) Importer(815301076,1909f56bfc062723c751e8b465ee728b)
Start importing Assets/Images/ndice.png using Guid(7b2a7fb2275a7b74b8b8fb65a8875fd9) Importer(815301076,1909f56bfc062723c751e8b465ee728b)  -> (artifact id: 'c0741ff6c744b54dc284734bf41af557') in 0.086238 seconds
  Import took 0.090252 seconds .

========================================================================
Received Import Request.
  Time since last request: 9.252686 seconds.
  path: Assets/Images/ndice.png
  artifactKey: Guid(7b2a7fb2275a7b74b8b8fb65a8875fd9) Importer(815301076,1909f56bfc062723c751e8b465ee728b)
Start importing Assets/Images/ndice.png using Guid(7b2a7fb2275a7b74b8b8fb65a8875fd9) Importer(815301076,1909f56bfc062723c751e8b465ee728b)  -> (artifact id: 'da221dedacdeb487ad516f8c5181685d') in 0.054002 seconds
  Import took 0.113297 seconds .

========================================================================
Received Prepare
Registering precompiled user dll's ...
Registered in 0.004524 seconds.
Begin MonoManager ReloadAssembly
Native extension for LinuxStandalone target not found
Native extension for WindowsStandalone target not found
Native extension for WebGL target not found
Refreshing native plugins compatible for Editor in 0.67 ms, found 0 plugins.
Preloading 0 native plugins for Editor in 0.00 ms.
Invoked RoslynAnalysisRunner static constructor.
RoslynAnalysisRunner will not be running.
RoslynAnalysisRunner has terminated.
Mono: successfully reloaded assembly
- Completed reload, in  2.038 seconds
Platform modules already initialized, skipping
Refreshing native plugins compatible for Editor in 0.27 ms, found 0 plugins.
Preloading 0 native plugins for Editor in 0.00 ms.
Unloading 1119 Unused Serialized files (Serialized files now loaded: 0)
System memory in use before: 62.2 MB.
System memory in use after: 62.3 MB.

Unloading 4 unused Assets to reduce memory usage. Loaded Objects now: 1681.
Total: 3.424912 ms (FindLiveObjects: 0.282646 ms CreateObjectMapping: 0.068688 ms MarkObjects: 3.044366 ms  DeleteObjects: 0.026054 ms)

========================================================================
Received Prepare
Registering precompiled user dll's ...
Registered in 0.001174 seconds.
Begin MonoManager ReloadAssembly
Native extension for LinuxStandalone target not found
Native extension for WindowsStandalone target not found
Native extension for WebGL target not found
Refreshing native plugins compatible for Editor in 0.27 ms, found 0 plugins.
Preloading 0 native plugins for Editor in 0.00 ms.
Invoked RoslynAnalysisRunner static constructor.
RoslynAnalysisRunner will not be running.
RoslynAnalysisRunner has terminated.
Mono: successfully reloaded assembly
- Completed reload, in  1.601 seconds
Platform modules already initialized, skipping
Refreshing native plugins compatible for Editor in 0.46 ms, found 0 plugins.
Preloading 0 native plugins for Editor in 0.00 ms.
Unloading 1119 Unused Serialized files (Serialized files now loaded: 0)
System memory in use before: 62.2 MB.
System memory in use after: 62.3 MB.

Unloading 4 unused Assets to reduce memory usage. Loaded Objects now: 1684.
Total: 4.878012 ms (FindLiveObjects: 0.283041 ms CreateObjectMapping: 0.072635 ms MarkObjects: 4.491545 ms  DeleteObjects: 0.028423 ms)

========================================================================
Received Prepare
Registering precompiled user dll's ...
Registered in 0.000985 seconds.
Begin MonoManager ReloadAssembly
Native extension for LinuxStandalone target not found
Native extension for WindowsStandalone target not found
Native extension for WebGL target not found
Refreshing native plugins compatible for Editor in 0.31 ms, found 0 plugins.
Preloading 0 native plugins for Editor in 0.00 ms.
Invoked RoslynAnalysisRunner static constructor.
RoslynAnalysisRunner will not be running.
RoslynAnalysisRunner has terminated.
Mono: successfully reloaded assembly
- Completed reload, in  1.641 seconds
Platform modules already initialized, skipping
Refreshing native plugins compatible for Editor in 0.28 ms, found 0 plugins.
Preloading 0 native plugins for Editor in 0.00 ms.
Unloading 1119 Unused Serialized files (Serialized files now loaded: 0)
System memory in use before: 62.2 MB.
System memory in use after: 62.3 MB.

Unloading 4 unused Assets to reduce memory usage. Loaded Objects now: 1687.
Total: 4.632473 ms (FindLiveObjects: 0.356466 ms CreateObjectMapping: 0.086057 ms MarkObjects: 4.161528 ms  DeleteObjects: 0.026843 ms)

========================================================================
Received Prepare
Registering precompiled user dll's ...
Registered in 0.000683 seconds.
Begin MonoManager ReloadAssembly
Native extension for LinuxStandalone target not found
Native extension for WindowsStandalone target not found
Native extension for WebGL target not found
Refreshing native plugins compatible for Editor in 0.43 ms, found 0 plugins.
Preloading 0 native plugins for Editor in 0.00 ms.
Invoked RoslynAnalysisRunner static constructor.
RoslynAnalysisRunner will not be running.
RoslynAnalysisRunner has terminated.
Mono: successfully reloaded assembly
- Completed reload, in  1.402 seconds
Platform modules already initialized, skipping
Refreshing native plugins compatible for Editor in 0.31 ms, found 0 plugins.
Preloading 0 native plugins for Editor in 0.00 ms.
Unloading 1119 Unused Serialized files (Serialized files now loaded: 0)
System memory in use before: 62.2 MB.
System memory in use after: 62.3 MB.

Unloading 4 unused Assets to reduce memory usage. Loaded Objects now: 1690.
Total: 2.755404 ms (FindLiveObjects: 0.274356 ms CreateObjectMapping: 0.075399 ms MarkObjects: 2.376437 ms  DeleteObjects: 0.027633 ms)

========================================================================
Received Prepare
Registering precompiled user dll's ...
Registered in 0.000874 seconds.
Begin MonoManager ReloadAssembly
Native extension for LinuxStandalone target not found
Native extension for WindowsStandalone target not found
Native extension for WebGL target not found
Refreshing native plugins compatible for Editor in 0.36 ms, found 0 plugins.
Preloading 0 native plugins for Editor in 0.00 ms.
Invoked RoslynAnalysisRunner static constructor.
RoslynAnalysisRunner will not be running.
RoslynAnalysisRunner has terminated.
Mono: successfully reloaded assembly
- Completed reload, in  1.559 seconds
Platform modules already initialized, skipping
Refreshing native plugins compatible for Editor in 0.32 ms, found 0 plugins.
Preloading 0 native plugins for Editor in 0.00 ms.
Unloading 1119 Unused Serialized files (Serialized files now loaded: 0)
System memory in use before: 62.2 MB.
System memory in use after: 62.3 MB.

Unloading 4 unused Assets to reduce memory usage. Loaded Objects now: 1693.
Total: 3.705584 ms (FindLiveObjects: 0.260145 ms CreateObjectMapping: 0.077372 ms MarkObjects: 3.337670 ms  DeleteObjects: 0.027633 ms)

========================================================================
Received Prepare
Registering precompiled user dll's ...
Registered in 0.000988 seconds.
Begin MonoManager ReloadAssembly
Native extension for LinuxStandalone target not found
Native extension for WindowsStandalone target not found
Native extension for WebGL target not found
Refreshing native plugins compatible for Editor in 1.01 ms, found 0 plugins.
Preloading 0 native plugins for Editor in 0.00 ms.
Invoked RoslynAnalysisRunner static constructor.
RoslynAnalysisRunner will not be running.
RoslynAnalysisRunner has terminated.
Mono: successfully reloaded assembly
- Completed reload, in  1.234 seconds
Platform modules already initialized, skipping
Refreshing native plugins compatible for Editor in 0.28 ms, found 0 plugins.
Preloading 0 native plugins for Editor in 0.00 ms.
Unloading 1119 Unused Serialized files (Serialized files now loaded: 0)
System memory in use before: 62.2 MB.
System memory in use after: 62.3 MB.

Unloading 4 unused Assets to reduce memory usage. Loaded Objects now: 1696.
Total: 2.631845 ms (FindLiveObjects: 0.226196 ms CreateObjectMapping: 0.106979 ms MarkObjects: 2.278932 ms  DeleteObjects: 0.018159 ms)

========================================================================
Received Prepare
Registering precompiled user dll's ...
Registered in 0.000743 seconds.
Begin MonoManager ReloadAssembly
Native extension for LinuxStandalone target not found
Native extension for WindowsStandalone target not found
Native extension for WebGL target not found
Refreshing native plugins compatible for Editor in 0.40 ms, found 0 plugins.
Preloading 0 native plugins for Editor in 0.00 ms.
Invoked RoslynAnalysisRunner static constructor.
RoslynAnalysisRunner will not be running.
RoslynAnalysisRunner has terminated.
Mono: successfully reloaded assembly
- Completed reload, in  1.223 seconds
Platform modules already initialized, skipping
Refreshing native plugins compatible for Editor in 0.52 ms, found 0 plugins.
Preloading 0 native plugins for Editor in 0.00 ms.
Unloading 1119 Unused Serialized files (Serialized files now loaded: 0)
System memory in use before: 62.2 MB.
System memory in use after: 62.3 MB.

Unloading 4 unused Assets to reduce memory usage. Loaded Objects now: 1699.
Total: 5.120393 ms (FindLiveObjects: 0.372256 ms CreateObjectMapping: 0.085662 ms MarkObjects: 4.628131 ms  DeleteObjects: 0.032765 ms)

========================================================================
Received Prepare
Registering precompiled user dll's ...
Registered in 0.001493 seconds.
Begin MonoManager ReloadAssembly
Native extension for LinuxStandalone target not found
Native extension for WindowsStandalone target not found
Native extension for WebGL target not found
Refreshing native plugins compatible for Editor in 0.36 ms, found 0 plugins.
Preloading 0 native plugins for Editor in 0.00 ms.
Invoked RoslynAnalysisRunner static constructor.
RoslynAnalysisRunner will not be running.
RoslynAnalysisRunner has terminated.
Mono: successfully reloaded assembly
- Completed reload, in  1.217 seconds
Platform modules already initialized, skipping
Refreshing native plugins compatible for Editor in 1.52 ms, found 0 plugins.
Preloading 0 native plugins for Editor in 0.00 ms.
Unloading 1119 Unused Serialized files (Serialized files now loaded: 0)
System memory in use before: 62.2 MB.
System memory in use after: 62.3 MB.

Unloading 4 unused Assets to reduce memory usage. Loaded Objects now: 1702.
Total: 3.293458 ms (FindLiveObjects: 0.292910 ms CreateObjectMapping: 0.190273 ms MarkObjects: 2.781853 ms  DeleteObjects: 0.026054 ms)

========================================================================
Received Import Request.
  Time since last request: 963.813216 seconds.
  path: Assets/Videos/Crystal Shower Falls.mp4
  artifactKey: Guid(8ff048080b618634e8d6f7f52e53ed50) Importer(815301076,1909f56bfc062723c751e8b465ee728b)
Start importing Assets/Videos/Crystal Shower Falls.mp4 using Guid(8ff048080b618634e8d6f7f52e53ed50) Importer(815301076,1909f56bfc062723c751e8b465ee728b)  -> (artifact id: '075d90459d1f12e1d1a54cfef14454bb') in 0.017617 seconds
  Import took 0.021155 seconds .

========================================================================
Received Import Request.
  Time since last request: 0.000331 seconds.
  path: Assets/Videos/Pebbly Beach Headland.mp4
  artifactKey: Guid(c0d84703ad821c34d918facffe8b07e2) Importer(815301076,1909f56bfc062723c751e8b465ee728b)
Start importing Assets/Videos/Pebbly Beach Headland.mp4 using Guid(c0d84703ad821c34d918facffe8b07e2) Importer(815301076,1909f56bfc062723c751e8b465ee728b)  -> (artifact id: 'c4ac3e1ebdf4883e7c082c0b27b4d386') in 0.003152 seconds
  Import took 0.006144 seconds .

========================================================================
Received Prepare
Registering precompiled user dll's ...
Registered in 0.001121 seconds.
Begin MonoManager ReloadAssembly
Native extension for LinuxStandalone target not found
Native extension for WindowsStandalone target not found
Native extension for WebGL target not found
Refreshing native plugins compatible for Editor in 0.30 ms, found 0 plugins.
Preloading 0 native plugins for Editor in 0.00 ms.
Invoked RoslynAnalysisRunner static constructor.
RoslynAnalysisRunner will not be running.
RoslynAnalysisRunner has terminated.
Mono: successfully reloaded assembly
- Completed reload, in  1.029 seconds
Platform modules already initialized, skipping
Refreshing native plugins compatible for Editor in 0.27 ms, found 0 plugins.
Preloading 0 native plugins for Editor in 0.00 ms.
Unloading 1119 Unused Serialized files (Serialized files now loaded: 0)
System memory in use before: 62.2 MB.
System memory in use after: 62.3 MB.

Unloading 4 unused Assets to reduce memory usage. Loaded Objects now: 1705.
Total: 2.265905 ms (FindLiveObjects: 0.210405 ms CreateObjectMapping: 0.046187 ms MarkObjects: 1.983654 ms  DeleteObjects: 0.024080 ms)

========================================================================
Received Prepare
Registering precompiled user dll's ...
Registered in 0.001048 seconds.
Begin MonoManager ReloadAssembly
Native extension for LinuxStandalone target not found
Native extension for WindowsStandalone target not found
Native extension for WebGL target not found
Refreshing native plugins compatible for Editor in 0.41 ms, found 0 plugins.
Preloading 0 native plugins for Editor in 0.00 ms.
Invoked RoslynAnalysisRunner static constructor.
RoslynAnalysisRunner will not be running.
RoslynAnalysisRunner has terminated.
Mono: successfully reloaded assembly
- Completed reload, in  1.189 seconds
Platform modules already initialized, skipping
Refreshing native plugins compatible for Editor in 0.41 ms, found 0 plugins.
Preloading 0 native plugins for Editor in 0.00 ms.
Unloading 1119 Unused Serialized files (Serialized files now loaded: 0)
System memory in use before: 62.3 MB.
System memory in use after: 62.4 MB.

Unloading 4 unused Assets to reduce memory usage. Loaded Objects now: 1708.
Total: 2.340119 ms (FindLiveObjects: 0.187510 ms CreateObjectMapping: 0.054082 ms MarkObjects: 2.077211 ms  DeleteObjects: 0.020133 ms)

========================================================================
Received Prepare
Registering precompiled user dll's ...
Registered in 0.000709 seconds.
Begin MonoManager ReloadAssembly
Native extension for LinuxStandalone target not found
Native extension for WindowsStandalone target not found
Native extension for WebGL target not found
Refreshing native plugins compatible for Editor in 0.26 ms, found 0 plugins.
Preloading 0 native plugins for Editor in 0.00 ms.
Invoked RoslynAnalysisRunner static constructor.
RoslynAnalysisRunner will not be running.
RoslynAnalysisRunner has terminated.
Mono: successfully reloaded assembly
- Completed reload, in  1.045 seconds
Platform modules already initialized, skipping
Refreshing native plugins compatible for Editor in 0.29 ms, found 0 plugins.
Preloading 0 native plugins for Editor in 0.00 ms.
Unloading 1119 Unused Serialized files (Serialized files now loaded: 0)
System memory in use before: 62.3 MB.
System memory in use after: 62.4 MB.

Unloading 4 unused Assets to reduce memory usage. Loaded Objects now: 1711.
Total: 2.288801 ms (FindLiveObjects: 0.180404 ms CreateObjectMapping: 0.054871 ms MarkObjects: 2.029051 ms  DeleteObjects: 0.024080 ms)

========================================================================
Received Prepare
Registering precompiled user dll's ...
Registered in 0.000918 seconds.
Begin MonoManager ReloadAssembly
Native extension for LinuxStandalone target not found
Native extension for WindowsStandalone target not found
Native extension for WebGL target not found
Refreshing native plugins compatible for Editor in 0.34 ms, found 0 plugins.
Preloading 0 native plugins for Editor in 0.00 ms.
Invoked RoslynAnalysisRunner static constructor.
RoslynAnalysisRunner will not be running.
RoslynAnalysisRunner has terminated.
Mono: successfully reloaded assembly
- Completed reload, in  1.106 seconds
Platform modules already initialized, skipping
Refreshing native plugins compatible for Editor in 0.52 ms, found 0 plugins.
Preloading 0 native plugins for Editor in 0.00 ms.
Unloading 1119 Unused Serialized files (Serialized files now loaded: 0)
System memory in use before: 62.3 MB.
System memory in use after: 62.4 MB.

Unloading 4 unused Assets to reduce memory usage. Loaded Objects now: 1714.
Total: 2.955940 ms (FindLiveObjects: 0.311463 ms CreateObjectMapping: 0.107769 ms MarkObjects: 2.516576 ms  DeleteObjects: 0.018159 ms)

========================================================================
Received Prepare
Registering precompiled user dll's ...
Registered in 0.000736 seconds.
Begin MonoManager ReloadAssembly
Native extension for LinuxStandalone target not found
Native extension for WindowsStandalone target not found
Native extension for WebGL target not found
Refreshing native plugins compatible for Editor in 0.30 ms, found 0 plugins.
Preloading 0 native plugins for Editor in 0.00 ms.
Invoked RoslynAnalysisRunner static constructor.
RoslynAnalysisRunner will not be running.
RoslynAnalysisRunner has terminated.
Mono: successfully reloaded assembly
- Completed reload, in  1.482 seconds
Platform modules already initialized, skipping
Refreshing native plugins compatible for Editor in 0.39 ms, found 0 plugins.
Preloading 0 native plugins for Editor in 0.00 ms.
Unloading 1119 Unused Serialized files (Serialized files now loaded: 0)
System memory in use before: 62.3 MB.
System memory in use after: 62.4 MB.

Unloading 4 unused Assets to reduce memory usage. Loaded Objects now: 1717.
Total: 3.135950 ms (FindLiveObjects: 0.187510 ms CreateObjectMapping: 0.052503 ms MarkObjects: 2.868304 ms  DeleteObjects: 0.025659 ms)

========================================================================
Received Prepare
Registering precompiled user dll's ...
Registered in 0.000735 seconds.
Begin MonoManager ReloadAssembly
Native extension for LinuxStandalone target not found
Native extension for WindowsStandalone target not found
Native extension for WebGL target not found
Refreshing native plugins compatible for Editor in 0.26 ms, found 0 plugins.
Preloading 0 native plugins for Editor in 0.00 ms.
Invoked RoslynAnalysisRunner static constructor.
RoslynAnalysisRunner will not be running.
RoslynAnalysisRunner has terminated.
Mono: successfully reloaded assembly
- Completed reload, in  0.963 seconds
Platform modules already initialized, skipping
Refreshing native plugins compatible for Editor in 0.32 ms, found 0 plugins.
Preloading 0 native plugins for Editor in 0.00 ms.
Unloading 1119 Unused Serialized files (Serialized files now loaded: 0)
System memory in use before: 62.3 MB.
System memory in use after: 62.4 MB.

Unloading 4 unused Assets to reduce memory usage. Loaded Objects now: 1720.
Total: 2.746324 ms (FindLiveObjects: 0.212379 ms CreateObjectMapping: 0.064740 ms MarkObjects: 2.441967 ms  DeleteObjects: 0.024870 ms)

