Using pre-set license
Built from '2020.3/staging' branch; Version is '2020.3.3f1 (76626098c1c4) revision 7758432'; Using compiler version '192528614'; Build Type 'Release'
OS: 'Windows 8.1  (6.3.0) 64bit' Language: 'es' Physical Memory: 8084 MB
BatchMode: 1, IsHumanControllingUs: 0, StartBugReporterOnCrash: 0, Is64bit: 1, IsPro: 0

 COMMAND LINE ARGUMENTS:
F:\HOLBERTON\AR-VR\Unity\2020.3.3f1\Editor\Unity.exe
-adb2
-batchMode
-noUpm
-name
AssetImportWorker0
-projectPath
F:/HOLBERTON/AR-VR/Unity/holbertonschool-unity/Unity_independent/0x0A-unity-360_video_tour
-logFile
Logs/AssetImportWorker0.log
-srvPort
54108
Successfully changed project path to: F:/HOLBERTON/AR-VR/Unity/holbertonschool-unity/Unity_independent/0x0A-unity-360_video_tour
F:/HOLBERTON/AR-VR/Unity/holbertonschool-unity/Unity_independent/0x0A-unity-360_video_tour
Using Asset Import Pipeline V2.
Refreshing native plugins compatible for Editor in 70.76 ms, found 0 plugins.
Preloading 0 native plugins for Editor in 0.00 ms.
Initialize engine version: 2020.3.3f1 (76626098c1c4)
[Subsystems] Discovering subsystems at path F:/HOLBERTON/AR-VR/Unity/2020.3.3f1/Editor/Data/Resources/UnitySubsystems
[Subsystems] Discovering subsystems at path F:/HOLBERTON/AR-VR/Unity/holbertonschool-unity/Unity_independent/0x0A-unity-360_video_tour/Assets
GfxDevice: creating device client; threaded=0
d3d11: QueryInterface(IDXGIFactory5) failed (80004002).
Direct3D:
    Version:  Direct3D 11.0 [level 11.0]
    Renderer: NVIDIA GeForce GT 820M (ID=0x1140)
    Vendor:   
    VRAM:     1984 MB
    Driver:   22.21.13.8541
Initialize mono
Mono path[0] = 'F:/HOLBERTON/AR-VR/Unity/2020.3.3f1/Editor/Data/Managed'
Mono path[1] = 'F:/HOLBERTON/AR-VR/Unity/2020.3.3f1/Editor/Data/MonoBleedingEdge/lib/mono/unityjit'
Mono config path = 'F:/HOLBERTON/AR-VR/Unity/2020.3.3f1/Editor/Data/MonoBleedingEdge/etc'
Using monoOptions --debugger-agent=transport=dt_socket,embedding=1,server=y,suspend=n,address=127.0.0.1:56084
Begin MonoManager ReloadAssembly
Registering precompiled unity dll's ...
Register platform support module: F:/HOLBERTON/AR-VR/Unity/2020.3.3f1/Editor/Data/PlaybackEngines/WindowsStandaloneSupport/UnityEditor.WindowsStandalone.Extensions.dll
Registered in 0.002086 seconds.
Native extension for WindowsStandalone target not found
Refreshing native plugins compatible for Editor in 50.75 ms, found 0 plugins.
Preloading 0 native plugins for Editor in 0.00 ms.
Invoked RoslynAnalysisRunner static constructor.
RoslynAnalysisRunner will not be running.
RoslynAnalysisRunner has terminated.
Mono: successfully reloaded assembly
- Completed reload, in  4.708 seconds
Platform modules already initialized, skipping
Registering precompiled user dll's ...
Registered in 0.001021 seconds.
Begin MonoManager ReloadAssembly
Native extension for WindowsStandalone target not found
Refreshing native plugins compatible for Editor in 0.32 ms, found 0 plugins.
Preloading 0 native plugins for Editor in 0.00 ms.
Invoked RoslynAnalysisRunner static constructor.
RoslynAnalysisRunner will not be running.
RoslynAnalysisRunner has terminated.
Mono: successfully reloaded assembly
- Completed reload, in  2.397 seconds
Platform modules already initialized, skipping
========================================================================
Worker process is ready to serve import requests
Launched and connected shader compiler UnityShaderCompiler.exe after 0.04 seconds
Refreshing native plugins compatible for Editor in 0.43 ms, found 0 plugins.
Preloading 0 native plugins for Editor in 0.00 ms.
Unloading 1114 Unused Serialized files (Serialized files now loaded: 0)
System memory in use before: 57.4 MB.
System memory in use after: 57.5 MB.

Unloading 9 unused Assets to reduce memory usage. Loaded Objects now: 1557.
Total: 4.289042 ms (FindLiveObjects: 0.270804 ms CreateObjectMapping: 0.082504 ms MarkObjects: 3.816122 ms  DeleteObjects: 0.117243 ms)

========================================================================
Received Import Request.
  path: Assets/Scenes
  artifactKey: Guid(7afb2fd58ececf74c967f501e5684201) Importer(815301076,1909f56bfc062723c751e8b465ee728b)
Start importing Assets/Scenes using Guid(7afb2fd58ececf74c967f501e5684201) Importer(815301076,1909f56bfc062723c751e8b465ee728b)  -> (artifact id: '58f0c19fa5e42cdeabddd3a9cd45ba0a') in 0.008452 seconds
  Import took 0.015960 seconds .

========================================================================
Received Import Request.
  Time since last request: 0.000373 seconds.
  path: Assets/Render Textures/New Render Texture.renderTexture
  artifactKey: Guid(50053cd0d10c8f14fbfaccae377f8d42) Importer(815301076,1909f56bfc062723c751e8b465ee728b)
Start importing Assets/Render Textures/New Render Texture.renderTexture using Guid(50053cd0d10c8f14fbfaccae377f8d42) Importer(815301076,1909f56bfc062723c751e8b465ee728b)  -> (artifact id: 'a93c56b9d22a682a1a38909d47182411') in 0.209213 seconds
  Import took 0.213405 seconds .

========================================================================
Received Import Request.
  Time since last request: 18.377222 seconds.
  path: Assets/Scenes/New Scene.unity
  artifactKey: Guid(cb0a73001e4ff2d4588c6177ed809634) Importer(815301076,1909f56bfc062723c751e8b465ee728b)
Start importing Assets/Scenes/New Scene.unity using Guid(cb0a73001e4ff2d4588c6177ed809634) Importer(815301076,1909f56bfc062723c751e8b465ee728b)  -> (artifact id: '47c83bc0a8d6d690b49726efcfebfb4f') in 0.009601 seconds
  Import took 0.028613 seconds .

========================================================================
Received Import Request.
  Time since last request: 0.000315 seconds.
  path: Assets/Scenes/New Scene.unity
  artifactKey: Guid(cb0a73001e4ff2d4588c6177ed809634) Importer(815301076,1909f56bfc062723c751e8b465ee728b)
Start importing Assets/Scenes/New Scene.unity using Guid(cb0a73001e4ff2d4588c6177ed809634) Importer(815301076,1909f56bfc062723c751e8b465ee728b)  -> (artifact id: '47c83bc0a8d6d690b49726efcfebfb4f') in 0.013933 seconds
  Import took 0.034777 seconds .

========================================================================
Received Import Request.
  Time since last request: 1.747693 seconds.
  path: Assets/Scenes/360VideoTour.unity
  artifactKey: Guid(cb0a73001e4ff2d4588c6177ed809634) Importer(815301076,1909f56bfc062723c751e8b465ee728b)
Start importing Assets/Scenes/360VideoTour.unity using Guid(cb0a73001e4ff2d4588c6177ed809634) Importer(815301076,1909f56bfc062723c751e8b465ee728b)  -> (artifact id: 'cebf4807239f3eceeed29ac2220a7205') in 0.004471 seconds
  Import took 0.009254 seconds .

========================================================================
Received Import Request.
  Time since last request: 21.448416 seconds.
  path: Assets/Videos/LivingRoom.mp4
  artifactKey: Guid(5453104862a86d3448125e2fc598feea) Importer(815301076,1909f56bfc062723c751e8b465ee728b)
Start importing Assets/Videos/LivingRoom.mp4 using Guid(5453104862a86d3448125e2fc598feea) Importer(815301076,1909f56bfc062723c751e8b465ee728b)  -> (artifact id: 'ef2da13c00355f4d1ff1a17da5edff2c') in 0.099490 seconds
  Import took 0.107336 seconds .

========================================================================
Received Prepare
Registering precompiled user dll's ...
Registered in 0.001648 seconds.
Begin MonoManager ReloadAssembly
Native extension for WindowsStandalone target not found
Refreshing native plugins compatible for Editor in 0.34 ms, found 0 plugins.
Preloading 0 native plugins for Editor in 0.00 ms.
Invoked RoslynAnalysisRunner static constructor.
RoslynAnalysisRunner will not be running.
RoslynAnalysisRunner has terminated.
Mono: successfully reloaded assembly
- Completed reload, in  1.888 seconds
Platform modules already initialized, skipping
Refreshing native plugins compatible for Editor in 0.46 ms, found 0 plugins.
Preloading 0 native plugins for Editor in 0.00 ms.
Unloading 1109 Unused Serialized files (Serialized files now loaded: 0)
System memory in use before: 60.4 MB.
System memory in use after: 60.5 MB.

Unloading 4 unused Assets to reduce memory usage. Loaded Objects now: 1565.
Total: 4.446945 ms (FindLiveObjects: 0.350150 ms CreateObjectMapping: 0.085268 ms MarkObjects: 3.981920 ms  DeleteObjects: 0.026844 ms)

AssetImportWorkerClient::OnTransportError - code=2 error=End of file
